2018-08-31 12:07:02  [ main:0 ] - [ INFO ]  Loaded default TestExecutionListener class names from location [META-INF/spring.factories]: [org.springframework.test.context.web.ServletTestExecutionListener, org.springframework.test.context.support.DirtiesContextBeforeModesTestExecutionListener, org.springframework.test.context.support.DependencyInjectionTestExecutionListener, org.springframework.test.context.support.DirtiesContextTestExecutionListener, org.springframework.test.context.transaction.TransactionalTestExecutionListener, org.springframework.test.context.jdbc.SqlScriptsTestExecutionListener]
2018-08-31 12:07:03  [ main:35 ] - [ INFO ]  Using TestExecutionListeners: [org.springframework.test.context.web.ServletTestExecutionListener@3bfdc050, org.springframework.test.context.support.DirtiesContextBeforeModesTestExecutionListener@1bce4f0a, org.springframework.test.context.support.DependencyInjectionTestExecutionListener@5e3a8624, org.springframework.test.context.support.DirtiesContextTestExecutionListener@5c3bd550, org.springframework.test.context.transaction.TransactionalTestExecutionListener@91161c7, org.springframework.test.context.jdbc.SqlScriptsTestExecutionListener@604ed9f0]
2018-08-31 12:07:03  [ main:227 ] - [ INFO ]  Loading XML bean definitions from class path resource [spring-context.xml]
2018-08-31 12:07:03  [ main:810 ] - [ INFO ]  Loading XML bean definitions from URL [file:/Users/didi/CodeFile/proTest/pro-2/target/classes/spring/spring-config-dao.xml]
2018-08-31 12:07:03  [ main:888 ] - [ INFO ]  Refreshing org.springframework.context.support.GenericApplicationContext@3632be31: startup date [Fri Aug 31 12:07:03 CST 2018]; root of context hierarchy
2018-08-31 12:07:04  [ main:1336 ] - [ INFO ]  Loading properties file from file [/Users/didi/CodeFile/proTest/pro-2/target/classes/config/db.properties]
2018-08-31 12:07:04  [ main:1340 ] - [ INFO ]  Loading properties file from file [/Users/didi/CodeFile/proTest/pro-2/target/classes/config/db.properties]
2018-08-31 12:07:05  [ main:2709 ] - [ INFO ]  {dataSource-1} inited
2018-08-31 12:07:06  [ main:3272 ] - [ INFO ]  Mapped "{[/read/line],methods=[GET]}" onto public java.lang.String cn.whbing.pro.web.controller.ReadSpecialLineController.read()
2018-08-31 12:07:06  [ main:3658 ] - [ INFO ]  Looking for @ControllerAdvice: org.springframework.context.support.GenericApplicationContext@3632be31: startup date [Fri Aug 31 12:07:03 CST 2018]; root of context hierarchy
2018-08-31 12:07:06  [ main:3716 ] - [ INFO ]  Looking for @ControllerAdvice: org.springframework.context.support.GenericApplicationContext@3632be31: startup date [Fri Aug 31 12:07:03 CST 2018]; root of context hierarchy
2018-08-31 12:07:07  [ Thread-1:4149 ] - [ INFO ]  Closing org.springframework.context.support.GenericApplicationContext@3632be31: startup date [Fri Aug 31 12:07:03 CST 2018]; root of context hierarchy
2018-08-31 12:07:07  [ Thread-1:4156 ] - [ INFO ]  {dataSource-1} closed
2018-08-31 18:16:06  [ main:0 ] - [ INFO ]  {dataSource-1} inited
2018-08-31 18:16:06  [ main:759 ] - [ INFO ]  {dataSource-1} closed
2018-08-31 18:18:32  [ main:1 ] - [ INFO ]  {dataSource-1} inited
2018-08-31 18:18:32  [ main:736 ] - [ INFO ]  {dataSource-1} closed
2018-08-31 18:20:11  [ main:0 ] - [ INFO ]  {dataSource-1} inited
2018-08-31 18:20:12  [ main:640 ] - [ INFO ]  {dataSource-1} closed
2018-08-31 18:26:57  [ main:0 ] - [ INFO ]  Loaded default TestExecutionListener class names from location [META-INF/spring.factories]: [org.springframework.test.context.web.ServletTestExecutionListener, org.springframework.test.context.support.DirtiesContextBeforeModesTestExecutionListener, org.springframework.test.context.support.DependencyInjectionTestExecutionListener, org.springframework.test.context.support.DirtiesContextTestExecutionListener, org.springframework.test.context.transaction.TransactionalTestExecutionListener, org.springframework.test.context.jdbc.SqlScriptsTestExecutionListener]
2018-08-31 18:26:57  [ main:23 ] - [ INFO ]  Using TestExecutionListeners: [org.springframework.test.context.web.ServletTestExecutionListener@3bfdc050, org.springframework.test.context.support.DirtiesContextBeforeModesTestExecutionListener@1bce4f0a, org.springframework.test.context.support.DependencyInjectionTestExecutionListener@5e3a8624, org.springframework.test.context.support.DirtiesContextTestExecutionListener@5c3bd550, org.springframework.test.context.transaction.TransactionalTestExecutionListener@91161c7, org.springframework.test.context.jdbc.SqlScriptsTestExecutionListener@604ed9f0]
2018-08-31 18:26:58  [ main:107 ] - [ INFO ]  Loading XML bean definitions from class path resource [spring-context.xml]
2018-08-31 18:26:58  [ main:496 ] - [ INFO ]  Loading XML bean definitions from URL [file:/Users/didi/CodeFile/proTest/pro-2/target/classes/spring/spring-config-dao.xml]
2018-08-31 18:26:58  [ main:617 ] - [ INFO ]  Refreshing org.springframework.context.support.GenericApplicationContext@3632be31: startup date [Fri Aug 31 18:26:58 CST 2018]; root of context hierarchy
2018-08-31 18:26:58  [ main:972 ] - [ INFO ]  Loading properties file from file [/Users/didi/CodeFile/proTest/pro-2/target/classes/config/db.properties]
2018-08-31 18:26:58  [ main:984 ] - [ INFO ]  Loading properties file from file [/Users/didi/CodeFile/proTest/pro-2/target/classes/config/db.properties]
2018-08-31 18:27:00  [ main:2322 ] - [ INFO ]  {dataSource-1} inited
2018-08-31 18:27:00  [ main:2839 ] - [ INFO ]  Mapped "{[/read/line],methods=[GET]}" onto public java.lang.String cn.whbing.pro.web.controller.ReadSpecialLineController.read()
2018-08-31 18:27:01  [ main:3227 ] - [ INFO ]  Looking for @ControllerAdvice: org.springframework.context.support.GenericApplicationContext@3632be31: startup date [Fri Aug 31 18:26:58 CST 2018]; root of context hierarchy
2018-08-31 18:27:01  [ main:3285 ] - [ INFO ]  Looking for @ControllerAdvice: org.springframework.context.support.GenericApplicationContext@3632be31: startup date [Fri Aug 31 18:26:58 CST 2018]; root of context hierarchy
2018-08-31 18:27:01  [ Thread-1:3685 ] - [ INFO ]  Closing org.springframework.context.support.GenericApplicationContext@3632be31: startup date [Fri Aug 31 18:26:58 CST 2018]; root of context hierarchy
2018-08-31 18:27:01  [ Thread-1:3693 ] - [ INFO ]  {dataSource-1} closed
2018-08-31 19:24:42  [ main:0 ] - [ INFO ]  Loaded default TestExecutionListener class names from location [META-INF/spring.factories]: [org.springframework.test.context.web.ServletTestExecutionListener, org.springframework.test.context.support.DirtiesContextBeforeModesTestExecutionListener, org.springframework.test.context.support.DependencyInjectionTestExecutionListener, org.springframework.test.context.support.DirtiesContextTestExecutionListener, org.springframework.test.context.transaction.TransactionalTestExecutionListener, org.springframework.test.context.jdbc.SqlScriptsTestExecutionListener]
2018-08-31 19:24:42  [ main:21 ] - [ INFO ]  Using TestExecutionListeners: [org.springframework.test.context.web.ServletTestExecutionListener@3bfdc050, org.springframework.test.context.support.DirtiesContextBeforeModesTestExecutionListener@1bce4f0a, org.springframework.test.context.support.DependencyInjectionTestExecutionListener@5e3a8624, org.springframework.test.context.support.DirtiesContextTestExecutionListener@5c3bd550, org.springframework.test.context.transaction.TransactionalTestExecutionListener@91161c7, org.springframework.test.context.jdbc.SqlScriptsTestExecutionListener@604ed9f0]
2018-08-31 19:24:42  [ main:167 ] - [ INFO ]  Loading XML bean definitions from class path resource [spring-context.xml]
2018-08-31 19:24:42  [ main:533 ] - [ INFO ]  Loading XML bean definitions from URL [file:/Users/didi/CodeFile/proTest/pro-2/target/classes/spring/spring-config-dao.xml]
2018-08-31 19:24:42  [ main:731 ] - [ INFO ]  Refreshing org.springframework.context.support.GenericApplicationContext@3632be31: startup date [Fri Aug 31 19:24:42 CST 2018]; root of context hierarchy
2018-08-31 19:24:43  [ main:1106 ] - [ INFO ]  Loading properties file from file [/Users/didi/CodeFile/proTest/pro-2/target/classes/config/db.properties]
2018-08-31 19:24:43  [ main:1111 ] - [ INFO ]  Loading properties file from file [/Users/didi/CodeFile/proTest/pro-2/target/classes/config/db.properties]
2018-08-31 19:24:44  [ main:2140 ] - [ INFO ]  {dataSource-1} inited
2018-08-31 19:24:44  [ main:2585 ] - [ INFO ]  Mapped "{[/read/line],methods=[GET]}" onto public java.lang.String cn.whbing.pro.web.controller.ReadSpecialLineController.read()
2018-08-31 19:24:45  [ main:2992 ] - [ INFO ]  Looking for @ControllerAdvice: org.springframework.context.support.GenericApplicationContext@3632be31: startup date [Fri Aug 31 19:24:42 CST 2018]; root of context hierarchy
2018-08-31 19:24:45  [ main:3036 ] - [ INFO ]  Looking for @ControllerAdvice: org.springframework.context.support.GenericApplicationContext@3632be31: startup date [Fri Aug 31 19:24:42 CST 2018]; root of context hierarchy
2018-08-31 19:24:45  [ Thread-1:3387 ] - [ INFO ]  Closing org.springframework.context.support.GenericApplicationContext@3632be31: startup date [Fri Aug 31 19:24:42 CST 2018]; root of context hierarchy
2018-08-31 19:24:45  [ Thread-1:3392 ] - [ INFO ]  {dataSource-1} closed
2018-08-31 19:24:56  [ main:0 ] - [ INFO ]  Loaded default TestExecutionListener class names from location [META-INF/spring.factories]: [org.springframework.test.context.web.ServletTestExecutionListener, org.springframework.test.context.support.DirtiesContextBeforeModesTestExecutionListener, org.springframework.test.context.support.DependencyInjectionTestExecutionListener, org.springframework.test.context.support.DirtiesContextTestExecutionListener, org.springframework.test.context.transaction.TransactionalTestExecutionListener, org.springframework.test.context.jdbc.SqlScriptsTestExecutionListener]
2018-08-31 19:24:56  [ main:33 ] - [ INFO ]  Using TestExecutionListeners: [org.springframework.test.context.web.ServletTestExecutionListener@3bfdc050, org.springframework.test.context.support.DirtiesContextBeforeModesTestExecutionListener@1bce4f0a, org.springframework.test.context.support.DependencyInjectionTestExecutionListener@5e3a8624, org.springframework.test.context.support.DirtiesContextTestExecutionListener@5c3bd550, org.springframework.test.context.transaction.TransactionalTestExecutionListener@91161c7, org.springframework.test.context.jdbc.SqlScriptsTestExecutionListener@604ed9f0]
2018-08-31 19:24:56  [ main:114 ] - [ INFO ]  Loading XML bean definitions from class path resource [spring-context.xml]
2018-08-31 19:24:57  [ main:481 ] - [ INFO ]  Loading XML bean definitions from URL [file:/Users/didi/CodeFile/proTest/pro-2/target/classes/spring/spring-config-dao.xml]
2018-08-31 19:24:57  [ main:698 ] - [ INFO ]  Refreshing org.springframework.context.support.GenericApplicationContext@3632be31: startup date [Fri Aug 31 19:24:57 CST 2018]; root of context hierarchy
2018-08-31 19:24:57  [ main:964 ] - [ INFO ]  Loading properties file from file [/Users/didi/CodeFile/proTest/pro-2/target/classes/config/db.properties]
2018-08-31 19:24:57  [ main:968 ] - [ INFO ]  Loading properties file from file [/Users/didi/CodeFile/proTest/pro-2/target/classes/config/db.properties]
2018-08-31 19:24:58  [ main:1728 ] - [ INFO ]  {dataSource-1} inited
2018-08-31 19:24:58  [ main:2144 ] - [ INFO ]  Mapped "{[/read/line],methods=[GET]}" onto public java.lang.String cn.whbing.pro.web.controller.ReadSpecialLineController.read()
2018-08-31 19:24:59  [ main:2520 ] - [ INFO ]  Looking for @ControllerAdvice: org.springframework.context.support.GenericApplicationContext@3632be31: startup date [Fri Aug 31 19:24:57 CST 2018]; root of context hierarchy
2018-08-31 19:24:59  [ main:2583 ] - [ INFO ]  Looking for @ControllerAdvice: org.springframework.context.support.GenericApplicationContext@3632be31: startup date [Fri Aug 31 19:24:57 CST 2018]; root of context hierarchy
2018-08-31 19:24:59  [ Thread-1:2955 ] - [ INFO ]  Closing org.springframework.context.support.GenericApplicationContext@3632be31: startup date [Fri Aug 31 19:24:57 CST 2018]; root of context hierarchy
2018-08-31 19:24:59  [ Thread-1:2962 ] - [ INFO ]  {dataSource-1} closed
2018-08-31 19:25:08  [ main:0 ] - [ INFO ]  Loaded default TestExecutionListener class names from location [META-INF/spring.factories]: [org.springframework.test.context.web.ServletTestExecutionListener, org.springframework.test.context.support.DirtiesContextBeforeModesTestExecutionListener, org.springframework.test.context.support.DependencyInjectionTestExecutionListener, org.springframework.test.context.support.DirtiesContextTestExecutionListener, org.springframework.test.context.transaction.TransactionalTestExecutionListener, org.springframework.test.context.jdbc.SqlScriptsTestExecutionListener]
2018-08-31 19:25:08  [ main:16 ] - [ INFO ]  Using TestExecutionListeners: [org.springframework.test.context.web.ServletTestExecutionListener@3bfdc050, org.springframework.test.context.support.DirtiesContextBeforeModesTestExecutionListener@1bce4f0a, org.springframework.test.context.support.DependencyInjectionTestExecutionListener@5e3a8624, org.springframework.test.context.support.DirtiesContextTestExecutionListener@5c3bd550, org.springframework.test.context.transaction.TransactionalTestExecutionListener@91161c7, org.springframework.test.context.jdbc.SqlScriptsTestExecutionListener@604ed9f0]
2018-08-31 19:25:08  [ main:119 ] - [ INFO ]  Loading XML bean definitions from class path resource [spring-context.xml]
2018-08-31 19:25:09  [ main:469 ] - [ INFO ]  Loading XML bean definitions from URL [file:/Users/didi/CodeFile/proTest/pro-2/target/classes/spring/spring-config-dao.xml]
2018-08-31 19:25:09  [ main:598 ] - [ INFO ]  Refreshing org.springframework.context.support.GenericApplicationContext@3632be31: startup date [Fri Aug 31 19:25:09 CST 2018]; root of context hierarchy
2018-08-31 19:25:09  [ main:902 ] - [ INFO ]  Loading properties file from file [/Users/didi/CodeFile/proTest/pro-2/target/classes/config/db.properties]
2018-08-31 19:25:09  [ main:906 ] - [ INFO ]  Loading properties file from file [/Users/didi/CodeFile/proTest/pro-2/target/classes/config/db.properties]
2018-08-31 19:25:10  [ main:2178 ] - [ INFO ]  {dataSource-1} inited
2018-08-31 19:25:11  [ main:2613 ] - [ INFO ]  Mapped "{[/read/line],methods=[GET]}" onto public java.lang.String cn.whbing.pro.web.controller.ReadSpecialLineController.read()
2018-08-31 19:25:11  [ main:2997 ] - [ INFO ]  Looking for @ControllerAdvice: org.springframework.context.support.GenericApplicationContext@3632be31: startup date [Fri Aug 31 19:25:09 CST 2018]; root of context hierarchy
2018-08-31 19:25:11  [ main:3038 ] - [ INFO ]  Looking for @ControllerAdvice: org.springframework.context.support.GenericApplicationContext@3632be31: startup date [Fri Aug 31 19:25:09 CST 2018]; root of context hierarchy
2018-08-31 19:25:11  [ Thread-1:3397 ] - [ INFO ]  Closing org.springframework.context.support.GenericApplicationContext@3632be31: startup date [Fri Aug 31 19:25:09 CST 2018]; root of context hierarchy
2018-08-31 19:25:11  [ Thread-1:3404 ] - [ INFO ]  {dataSource-1} closed
2018-08-31 19:25:32  [ main:0 ] - [ INFO ]  Loaded default TestExecutionListener class names from location [META-INF/spring.factories]: [org.springframework.test.context.web.ServletTestExecutionListener, org.springframework.test.context.support.DirtiesContextBeforeModesTestExecutionListener, org.springframework.test.context.support.DependencyInjectionTestExecutionListener, org.springframework.test.context.support.DirtiesContextTestExecutionListener, org.springframework.test.context.transaction.TransactionalTestExecutionListener, org.springframework.test.context.jdbc.SqlScriptsTestExecutionListener]
2018-08-31 19:25:32  [ main:17 ] - [ INFO ]  Using TestExecutionListeners: [org.springframework.test.context.web.ServletTestExecutionListener@3bfdc050, org.springframework.test.context.support.DirtiesContextBeforeModesTestExecutionListener@1bce4f0a, org.springframework.test.context.support.DependencyInjectionTestExecutionListener@5e3a8624, org.springframework.test.context.support.DirtiesContextTestExecutionListener@5c3bd550, org.springframework.test.context.transaction.TransactionalTestExecutionListener@91161c7, org.springframework.test.context.jdbc.SqlScriptsTestExecutionListener@604ed9f0]
2018-08-31 19:25:32  [ main:157 ] - [ INFO ]  Loading XML bean definitions from class path resource [spring-context.xml]
2018-08-31 19:25:32  [ main:710 ] - [ INFO ]  Loading XML bean definitions from URL [file:/Users/didi/CodeFile/proTest/pro-2/target/classes/spring/spring-config-dao.xml]
2018-08-31 19:25:33  [ main:978 ] - [ INFO ]  Refreshing org.springframework.context.support.GenericApplicationContext@3632be31: startup date [Fri Aug 31 19:25:33 CST 2018]; root of context hierarchy
2018-08-31 19:25:33  [ main:1258 ] - [ INFO ]  Loading properties file from file [/Users/didi/CodeFile/proTest/pro-2/target/classes/config/db.properties]
2018-08-31 19:25:33  [ main:1264 ] - [ INFO ]  Loading properties file from file [/Users/didi/CodeFile/proTest/pro-2/target/classes/config/db.properties]
2018-08-31 19:25:34  [ main:2718 ] - [ INFO ]  {dataSource-1} inited
2018-08-31 19:25:35  [ main:3321 ] - [ INFO ]  Mapped "{[/read/line],methods=[GET]}" onto public java.lang.String cn.whbing.pro.web.controller.ReadSpecialLineController.read()
2018-08-31 19:25:35  [ main:3721 ] - [ INFO ]  Looking for @ControllerAdvice: org.springframework.context.support.GenericApplicationContext@3632be31: startup date [Fri Aug 31 19:25:33 CST 2018]; root of context hierarchy
2018-08-31 19:25:35  [ main:3760 ] - [ INFO ]  Looking for @ControllerAdvice: org.springframework.context.support.GenericApplicationContext@3632be31: startup date [Fri Aug 31 19:25:33 CST 2018]; root of context hierarchy
2018-08-31 19:25:36  [ Thread-1:4122 ] - [ INFO ]  Closing org.springframework.context.support.GenericApplicationContext@3632be31: startup date [Fri Aug 31 19:25:33 CST 2018]; root of context hierarchy
2018-08-31 19:25:36  [ Thread-1:4127 ] - [ INFO ]  {dataSource-1} closed
2018-08-31 19:27:49  [ main:0 ] - [ INFO ]  Loaded default TestExecutionListener class names from location [META-INF/spring.factories]: [org.springframework.test.context.web.ServletTestExecutionListener, org.springframework.test.context.support.DirtiesContextBeforeModesTestExecutionListener, org.springframework.test.context.support.DependencyInjectionTestExecutionListener, org.springframework.test.context.support.DirtiesContextTestExecutionListener, org.springframework.test.context.transaction.TransactionalTestExecutionListener, org.springframework.test.context.jdbc.SqlScriptsTestExecutionListener]
2018-08-31 19:27:50  [ main:36 ] - [ INFO ]  Using TestExecutionListeners: [org.springframework.test.context.web.ServletTestExecutionListener@3bfdc050, org.springframework.test.context.support.DirtiesContextBeforeModesTestExecutionListener@1bce4f0a, org.springframework.test.context.support.DependencyInjectionTestExecutionListener@5e3a8624, org.springframework.test.context.support.DirtiesContextTestExecutionListener@5c3bd550, org.springframework.test.context.transaction.TransactionalTestExecutionListener@91161c7, org.springframework.test.context.jdbc.SqlScriptsTestExecutionListener@604ed9f0]
2018-08-31 19:27:50  [ main:133 ] - [ INFO ]  Loading XML bean definitions from class path resource [spring-context.xml]
2018-08-31 19:27:50  [ main:568 ] - [ INFO ]  Loading XML bean definitions from URL [file:/Users/didi/CodeFile/proTest/pro-2/target/classes/spring/spring-config-dao.xml]
2018-08-31 19:27:50  [ main:783 ] - [ INFO ]  Refreshing org.springframework.context.support.GenericApplicationContext@3632be31: startup date [Fri Aug 31 19:27:50 CST 2018]; root of context hierarchy
2018-08-31 19:27:51  [ main:1066 ] - [ INFO ]  Loading properties file from file [/Users/didi/CodeFile/proTest/pro-2/target/classes/config/db.properties]
2018-08-31 19:27:51  [ main:1072 ] - [ INFO ]  Loading properties file from file [/Users/didi/CodeFile/proTest/pro-2/target/classes/config/db.properties]
2018-08-31 19:27:52  [ main:2196 ] - [ INFO ]  {dataSource-1} inited
2018-08-31 19:27:52  [ main:2709 ] - [ INFO ]  Mapped "{[/read/line],methods=[GET]}" onto public java.lang.String cn.whbing.pro.web.controller.ReadSpecialLineController.read()
2018-08-31 19:27:53  [ main:3084 ] - [ INFO ]  Looking for @ControllerAdvice: org.springframework.context.support.GenericApplicationContext@3632be31: startup date [Fri Aug 31 19:27:50 CST 2018]; root of context hierarchy
2018-08-31 19:27:53  [ main:3140 ] - [ INFO ]  Looking for @ControllerAdvice: org.springframework.context.support.GenericApplicationContext@3632be31: startup date [Fri Aug 31 19:27:50 CST 2018]; root of context hierarchy
2018-08-31 19:27:53  [ Thread-1:3528 ] - [ INFO ]  Closing org.springframework.context.support.GenericApplicationContext@3632be31: startup date [Fri Aug 31 19:27:50 CST 2018]; root of context hierarchy
2018-08-31 19:27:53  [ Thread-1:3540 ] - [ INFO ]  {dataSource-1} closed
2018-08-31 19:29:31  [ main:0 ] - [ INFO ]  Loaded default TestExecutionListener class names from location [META-INF/spring.factories]: [org.springframework.test.context.web.ServletTestExecutionListener, org.springframework.test.context.support.DirtiesContextBeforeModesTestExecutionListener, org.springframework.test.context.support.DependencyInjectionTestExecutionListener, org.springframework.test.context.support.DirtiesContextTestExecutionListener, org.springframework.test.context.transaction.TransactionalTestExecutionListener, org.springframework.test.context.jdbc.SqlScriptsTestExecutionListener]
2018-08-31 19:29:31  [ main:25 ] - [ INFO ]  Using TestExecutionListeners: [org.springframework.test.context.web.ServletTestExecutionListener@3bfdc050, org.springframework.test.context.support.DirtiesContextBeforeModesTestExecutionListener@1bce4f0a, org.springframework.test.context.support.DependencyInjectionTestExecutionListener@5e3a8624, org.springframework.test.context.support.DirtiesContextTestExecutionListener@5c3bd550, org.springframework.test.context.transaction.TransactionalTestExecutionListener@91161c7, org.springframework.test.context.jdbc.SqlScriptsTestExecutionListener@604ed9f0]
2018-08-31 19:29:31  [ main:169 ] - [ INFO ]  Loading XML bean definitions from class path resource [spring-context.xml]
2018-08-31 19:29:31  [ main:681 ] - [ INFO ]  Loading XML bean definitions from URL [file:/Users/didi/CodeFile/proTest/pro-2/target/classes/spring/spring-config-dao.xml]
2018-08-31 19:29:32  [ main:842 ] - [ INFO ]  Refreshing org.springframework.context.support.GenericApplicationContext@3632be31: startup date [Fri Aug 31 19:29:32 CST 2018]; root of context hierarchy
2018-08-31 19:29:32  [ main:1128 ] - [ INFO ]  Loading properties file from file [/Users/didi/CodeFile/proTest/pro-2/target/classes/config/db.properties]
2018-08-31 19:29:32  [ main:1132 ] - [ INFO ]  Loading properties file from file [/Users/didi/CodeFile/proTest/pro-2/target/classes/config/db.properties]
2018-08-31 19:29:33  [ main:2247 ] - [ INFO ]  {dataSource-1} inited
2018-08-31 19:29:34  [ main:2797 ] - [ INFO ]  Mapped "{[/read/line],methods=[GET]}" onto public java.lang.String cn.whbing.pro.web.controller.ReadSpecialLineController.read()
2018-08-31 19:29:34  [ main:3300 ] - [ INFO ]  Looking for @ControllerAdvice: org.springframework.context.support.GenericApplicationContext@3632be31: startup date [Fri Aug 31 19:29:32 CST 2018]; root of context hierarchy
2018-08-31 19:29:34  [ main:3364 ] - [ INFO ]  Looking for @ControllerAdvice: org.springframework.context.support.GenericApplicationContext@3632be31: startup date [Fri Aug 31 19:29:32 CST 2018]; root of context hierarchy
2018-08-31 19:29:35  [ Thread-1:3763 ] - [ INFO ]  Closing org.springframework.context.support.GenericApplicationContext@3632be31: startup date [Fri Aug 31 19:29:32 CST 2018]; root of context hierarchy
2018-08-31 19:29:35  [ Thread-1:3770 ] - [ INFO ]  {dataSource-1} closed
2018-08-31 19:30:31  [ main:0 ] - [ INFO ]  Loaded default TestExecutionListener class names from location [META-INF/spring.factories]: [org.springframework.test.context.web.ServletTestExecutionListener, org.springframework.test.context.support.DirtiesContextBeforeModesTestExecutionListener, org.springframework.test.context.support.DependencyInjectionTestExecutionListener, org.springframework.test.context.support.DirtiesContextTestExecutionListener, org.springframework.test.context.transaction.TransactionalTestExecutionListener, org.springframework.test.context.jdbc.SqlScriptsTestExecutionListener]
2018-08-31 19:30:31  [ main:21 ] - [ INFO ]  Using TestExecutionListeners: [org.springframework.test.context.web.ServletTestExecutionListener@3bfdc050, org.springframework.test.context.support.DirtiesContextBeforeModesTestExecutionListener@1bce4f0a, org.springframework.test.context.support.DependencyInjectionTestExecutionListener@5e3a8624, org.springframework.test.context.support.DirtiesContextTestExecutionListener@5c3bd550, org.springframework.test.context.transaction.TransactionalTestExecutionListener@91161c7, org.springframework.test.context.jdbc.SqlScriptsTestExecutionListener@604ed9f0]
2018-08-31 19:30:32  [ main:131 ] - [ INFO ]  Loading XML bean definitions from class path resource [spring-context.xml]
2018-08-31 19:30:32  [ main:488 ] - [ INFO ]  Loading XML bean definitions from URL [file:/Users/didi/CodeFile/proTest/pro-2/target/classes/spring/spring-config-dao.xml]
2018-08-31 19:30:32  [ main:666 ] - [ INFO ]  Refreshing org.springframework.context.support.GenericApplicationContext@3632be31: startup date [Fri Aug 31 19:30:32 CST 2018]; root of context hierarchy
2018-08-31 19:30:32  [ main:989 ] - [ INFO ]  Loading properties file from file [/Users/didi/CodeFile/proTest/pro-2/target/classes/config/db.properties]
2018-08-31 19:30:32  [ main:998 ] - [ INFO ]  Loading properties file from file [/Users/didi/CodeFile/proTest/pro-2/target/classes/config/db.properties]
2018-08-31 19:30:33  [ main:2037 ] - [ INFO ]  {dataSource-1} inited
2018-08-31 19:30:34  [ main:2508 ] - [ INFO ]  Mapped "{[/read/line],methods=[GET]}" onto public java.lang.String cn.whbing.pro.web.controller.ReadSpecialLineController.read()
2018-08-31 19:30:34  [ main:2915 ] - [ INFO ]  Looking for @ControllerAdvice: org.springframework.context.support.GenericApplicationContext@3632be31: startup date [Fri Aug 31 19:30:32 CST 2018]; root of context hierarchy
2018-08-31 19:30:34  [ main:2960 ] - [ INFO ]  Looking for @ControllerAdvice: org.springframework.context.support.GenericApplicationContext@3632be31: startup date [Fri Aug 31 19:30:32 CST 2018]; root of context hierarchy
2018-08-31 19:30:35  [ Thread-1:3367 ] - [ INFO ]  Closing org.springframework.context.support.GenericApplicationContext@3632be31: startup date [Fri Aug 31 19:30:32 CST 2018]; root of context hierarchy
2018-08-31 19:30:35  [ Thread-1:3372 ] - [ INFO ]  {dataSource-1} closed
2018-08-31 19:31:45  [ main:0 ] - [ INFO ]  Loaded default TestExecutionListener class names from location [META-INF/spring.factories]: [org.springframework.test.context.web.ServletTestExecutionListener, org.springframework.test.context.support.DirtiesContextBeforeModesTestExecutionListener, org.springframework.test.context.support.DependencyInjectionTestExecutionListener, org.springframework.test.context.support.DirtiesContextTestExecutionListener, org.springframework.test.context.transaction.TransactionalTestExecutionListener, org.springframework.test.context.jdbc.SqlScriptsTestExecutionListener]
2018-08-31 19:31:45  [ main:19 ] - [ INFO ]  Using TestExecutionListeners: [org.springframework.test.context.web.ServletTestExecutionListener@3bfdc050, org.springframework.test.context.support.DirtiesContextBeforeModesTestExecutionListener@1bce4f0a, org.springframework.test.context.support.DependencyInjectionTestExecutionListener@5e3a8624, org.springframework.test.context.support.DirtiesContextTestExecutionListener@5c3bd550, org.springframework.test.context.transaction.TransactionalTestExecutionListener@91161c7, org.springframework.test.context.jdbc.SqlScriptsTestExecutionListener@604ed9f0]
2018-08-31 19:31:45  [ main:100 ] - [ INFO ]  Loading XML bean definitions from class path resource [spring-context.xml]
2018-08-31 19:31:45  [ main:406 ] - [ INFO ]  Loading XML bean definitions from URL [file:/Users/didi/CodeFile/proTest/pro-2/target/classes/spring/spring-config-dao.xml]
2018-08-31 19:31:45  [ main:470 ] - [ INFO ]  Refreshing org.springframework.context.support.GenericApplicationContext@3632be31: startup date [Fri Aug 31 19:31:45 CST 2018]; root of context hierarchy
2018-08-31 19:31:45  [ main:814 ] - [ INFO ]  Loading properties file from file [/Users/didi/CodeFile/proTest/pro-2/target/classes/config/db.properties]
2018-08-31 19:31:45  [ main:820 ] - [ INFO ]  Loading properties file from file [/Users/didi/CodeFile/proTest/pro-2/target/classes/config/db.properties]
2018-08-31 19:31:47  [ main:2079 ] - [ INFO ]  {dataSource-1} inited
2018-08-31 19:31:47  [ main:2512 ] - [ INFO ]  Mapped "{[/read/line],methods=[GET]}" onto public java.lang.String cn.whbing.pro.web.controller.ReadSpecialLineController.read()
2018-08-31 19:31:47  [ main:2903 ] - [ INFO ]  Looking for @ControllerAdvice: org.springframework.context.support.GenericApplicationContext@3632be31: startup date [Fri Aug 31 19:31:45 CST 2018]; root of context hierarchy
2018-08-31 19:31:48  [ main:2942 ] - [ INFO ]  Looking for @ControllerAdvice: org.springframework.context.support.GenericApplicationContext@3632be31: startup date [Fri Aug 31 19:31:45 CST 2018]; root of context hierarchy
2018-08-31 19:31:48  [ Thread-1:3293 ] - [ INFO ]  Closing org.springframework.context.support.GenericApplicationContext@3632be31: startup date [Fri Aug 31 19:31:45 CST 2018]; root of context hierarchy
2018-08-31 19:31:48  [ Thread-1:3299 ] - [ INFO ]  {dataSource-1} closed
2018-08-31 19:33:00  [ main:0 ] - [ INFO ]  Loaded default TestExecutionListener class names from location [META-INF/spring.factories]: [org.springframework.test.context.web.ServletTestExecutionListener, org.springframework.test.context.support.DirtiesContextBeforeModesTestExecutionListener, org.springframework.test.context.support.DependencyInjectionTestExecutionListener, org.springframework.test.context.support.DirtiesContextTestExecutionListener, org.springframework.test.context.transaction.TransactionalTestExecutionListener, org.springframework.test.context.jdbc.SqlScriptsTestExecutionListener]
2018-08-31 19:33:00  [ main:16 ] - [ INFO ]  Using TestExecutionListeners: [org.springframework.test.context.web.ServletTestExecutionListener@3bfdc050, org.springframework.test.context.support.DirtiesContextBeforeModesTestExecutionListener@1bce4f0a, org.springframework.test.context.support.DependencyInjectionTestExecutionListener@5e3a8624, org.springframework.test.context.support.DirtiesContextTestExecutionListener@5c3bd550, org.springframework.test.context.transaction.TransactionalTestExecutionListener@91161c7, org.springframework.test.context.jdbc.SqlScriptsTestExecutionListener@604ed9f0]
2018-08-31 19:33:00  [ main:114 ] - [ INFO ]  Loading XML bean definitions from class path resource [spring-context.xml]
2018-08-31 19:33:00  [ main:434 ] - [ INFO ]  Loading XML bean definitions from URL [file:/Users/didi/CodeFile/proTest/pro-2/target/classes/spring/spring-config-dao.xml]
2018-08-31 19:33:01  [ main:560 ] - [ INFO ]  Refreshing org.springframework.context.support.GenericApplicationContext@3632be31: startup date [Fri Aug 31 19:33:01 CST 2018]; root of context hierarchy
2018-08-31 19:33:01  [ main:983 ] - [ INFO ]  Loading properties file from file [/Users/didi/CodeFile/proTest/pro-2/target/classes/config/db.properties]
2018-08-31 19:33:01  [ main:989 ] - [ INFO ]  Loading properties file from file [/Users/didi/CodeFile/proTest/pro-2/target/classes/config/db.properties]
2018-08-31 19:33:02  [ main:2171 ] - [ INFO ]  {dataSource-1} inited
2018-08-31 19:33:03  [ main:2752 ] - [ INFO ]  Mapped "{[/read/line],methods=[GET]}" onto public java.lang.String cn.whbing.pro.web.controller.ReadSpecialLineController.read()
2018-08-31 19:33:03  [ main:3060 ] - [ INFO ]  Looking for @ControllerAdvice: org.springframework.context.support.GenericApplicationContext@3632be31: startup date [Fri Aug 31 19:33:01 CST 2018]; root of context hierarchy
2018-08-31 19:33:03  [ main:3115 ] - [ INFO ]  Looking for @ControllerAdvice: org.springframework.context.support.GenericApplicationContext@3632be31: startup date [Fri Aug 31 19:33:01 CST 2018]; root of context hierarchy
2018-08-31 19:33:03  [ Thread-1:3453 ] - [ INFO ]  Closing org.springframework.context.support.GenericApplicationContext@3632be31: startup date [Fri Aug 31 19:33:01 CST 2018]; root of context hierarchy
2018-08-31 19:33:03  [ Thread-1:3461 ] - [ INFO ]  {dataSource-1} closed
2018-08-31 19:53:09  [ main:0 ] - [ INFO ]  Loaded default TestExecutionListener class names from location [META-INF/spring.factories]: [org.springframework.test.context.web.ServletTestExecutionListener, org.springframework.test.context.support.DirtiesContextBeforeModesTestExecutionListener, org.springframework.test.context.support.DependencyInjectionTestExecutionListener, org.springframework.test.context.support.DirtiesContextTestExecutionListener, org.springframework.test.context.transaction.TransactionalTestExecutionListener, org.springframework.test.context.jdbc.SqlScriptsTestExecutionListener]
2018-08-31 19:53:09  [ main:26 ] - [ INFO ]  Using TestExecutionListeners: [org.springframework.test.context.web.ServletTestExecutionListener@3bfdc050, org.springframework.test.context.support.DirtiesContextBeforeModesTestExecutionListener@1bce4f0a, org.springframework.test.context.support.DependencyInjectionTestExecutionListener@5e3a8624, org.springframework.test.context.support.DirtiesContextTestExecutionListener@5c3bd550, org.springframework.test.context.transaction.TransactionalTestExecutionListener@91161c7, org.springframework.test.context.jdbc.SqlScriptsTestExecutionListener@604ed9f0]
2018-08-31 19:53:09  [ main:137 ] - [ INFO ]  Loading XML bean definitions from class path resource [spring-context.xml]
2018-08-31 19:53:09  [ main:549 ] - [ INFO ]  Loading XML bean definitions from URL [file:/Users/didi/CodeFile/proTest/pro-2/target/classes/spring/spring-config-dao.xml]
2018-08-31 19:53:09  [ main:618 ] - [ INFO ]  Refreshing org.springframework.context.support.GenericApplicationContext@3632be31: startup date [Fri Aug 31 19:53:09 CST 2018]; root of context hierarchy
2018-08-31 19:53:10  [ main:1149 ] - [ INFO ]  Loading properties file from file [/Users/didi/CodeFile/proTest/pro-2/target/classes/config/db.properties]
2018-08-31 19:53:10  [ main:1153 ] - [ INFO ]  Loading properties file from file [/Users/didi/CodeFile/proTest/pro-2/target/classes/config/db.properties]
2018-08-31 19:53:11  [ main:2214 ] - [ INFO ]  {dataSource-1} inited
2018-08-31 19:53:12  [ main:2726 ] - [ INFO ]  Mapped "{[/read/line],methods=[GET]}" onto public java.lang.String cn.whbing.pro.web.controller.ReadSpecialLineController.read()
2018-08-31 19:53:12  [ main:3116 ] - [ INFO ]  Looking for @ControllerAdvice: org.springframework.context.support.GenericApplicationContext@3632be31: startup date [Fri Aug 31 19:53:09 CST 2018]; root of context hierarchy
2018-08-31 19:53:12  [ main:3162 ] - [ INFO ]  Looking for @ControllerAdvice: org.springframework.context.support.GenericApplicationContext@3632be31: startup date [Fri Aug 31 19:53:09 CST 2018]; root of context hierarchy
2018-08-31 19:53:12  [ Thread-1:3581 ] - [ INFO ]  Closing org.springframework.context.support.GenericApplicationContext@3632be31: startup date [Fri Aug 31 19:53:09 CST 2018]; root of context hierarchy
2018-08-31 19:53:12  [ Thread-1:3587 ] - [ INFO ]  {dataSource-1} closed
