 INFO [main] 2018-08-31 10:27:57 (ReadSpecialLineSringTest.java:39) 
"
${V_DATE_NO}
${V_DATE}

# judge the result
line_num=`hadoop fs -du -s $V_PATH_DIR_report/ | awk '{print $1}'`
if [ $line_num -gt 0 ]
    then
    hadoop fs -touchz $V_PATH_DIR_report/_SUCCESS
    echo "NOTICE $V_PATH_DIR_report success"
else
    echo "FATAL $V_PATH_DIR_report is empty"
fi


WHERE 
	ymd='sys_date_add(2020-03-01 00:10,YEAR,1,yyyy-MM-dd)' 


# this is text;
use default;

  SELECT 
    id ==========
 INFO [Thread-1] 2018-08-31 10:27:57 (AbstractApplicationContext.java:987) Closing org.springframework.context.support.GenericApplicationContext@6fe7aac8: startup date [Fri Aug 31 10:27:55 CST 2018]; root of context hierarchy
